[2014-11-13 11:50:02] main.INFO: Starting worker webonise-desktop:9103:default {"type":"start","worker":"webonise-desktop:9103:default"} []
[2014-11-13 11:50:02] main.INFO: got {"queue":"default","id":"72fa9a72d9ffda3d449809f1d34b3aeb","class":"CakeResque.User","args":[["notify"]]} {"type":"got","args":"[object] (Resque_Job: {\"queue\":\"default\",\"worker\":null,\"payload\":{\"class\":\"CakeResque.User\",\"args\":[[\"notify\"]],\"id\":\"72fa9a72d9ffda3d449809f1d34b3aeb\"}})","worker":"webonise-desktop:9103"} []
[2014-11-13 11:50:02] main.INFO: Processing ID:72fa9a72d9ffda3d449809f1d34b3aeb in default {"type":"process","worker":"webonise-desktop:9103","job_id":"72fa9a72d9ffda3d449809f1d34b3aeb"} []
[2014-11-13 11:50:03] main.ERROR: {"queue":"default","id":"72fa9a72d9ffda3d449809f1d34b3aeb","class":"CakeResque.User","args":[["notify"]]} failed: Could not find job class CakeResque.User. {"type":"fail","log":"Could not find job class CakeResque.User.","job_id":"72fa9a72d9ffda3d449809f1d34b3aeb","time":18,"worker":"webonise-desktop:9103"} []
[2014-11-13 11:50:03] main.INFO: got {"queue":"default","id":"b22ecb6870467e6c5c6b551821679fa5","class":"CakeResque.User","args":[["notify"]]} {"type":"got","args":"[object] (Resque_Job: {\"queue\":\"default\",\"worker\":null,\"payload\":{\"class\":\"CakeResque.User\",\"args\":[[\"notify\"]],\"id\":\"b22ecb6870467e6c5c6b551821679fa5\"}})","worker":"webonise-desktop:9103"} []
[2014-11-13 11:50:03] main.INFO: Processing ID:b22ecb6870467e6c5c6b551821679fa5 in default {"type":"process","worker":"webonise-desktop:9103","job_id":"b22ecb6870467e6c5c6b551821679fa5"} []
[2014-11-13 11:50:03] main.ERROR: {"queue":"default","id":"b22ecb6870467e6c5c6b551821679fa5","class":"CakeResque.User","args":[["notify"]]} failed: Could not find job class CakeResque.User. {"type":"fail","log":"Could not find job class CakeResque.User.","job_id":"b22ecb6870467e6c5c6b551821679fa5","time":1,"worker":"webonise-desktop:9103"} []
[2014-11-13 11:58:03] main.INFO: got {"queue":"default","id":"0e0099a3192e83bb11a407b3f1965005","class":"CakeResque.User","args":[["notify"]]} {"type":"got","args":"[object] (Resque_Job: {\"queue\":\"default\",\"worker\":null,\"payload\":{\"class\":\"CakeResque.User\",\"args\":[[\"notify\"]],\"id\":\"0e0099a3192e83bb11a407b3f1965005\"}})","worker":"webonise-desktop:9103"} []
[2014-11-13 11:58:03] main.INFO: Processing ID:0e0099a3192e83bb11a407b3f1965005 in default {"type":"process","worker":"webonise-desktop:9103","job_id":"0e0099a3192e83bb11a407b3f1965005"} []
[2014-11-13 11:58:03] main.ERROR: {"queue":"default","id":"0e0099a3192e83bb11a407b3f1965005","class":"CakeResque.User","args":[["notify"]]} failed: Could not find job class CakeResque.User. {"type":"fail","log":"Could not find job class CakeResque.User.","job_id":"0e0099a3192e83bb11a407b3f1965005","time":1,"worker":"webonise-desktop:9103"} []
[2014-11-13 12:00:08] main.INFO: got {"queue":"default","id":"a136e496e36400a70dd25b53ceac1e7b","class":"CakeResque.User","args":[["notify"]]} {"type":"got","args":"[object] (Resque_Job: {\"queue\":\"default\",\"worker\":null,\"payload\":{\"class\":\"CakeResque.User\",\"args\":[[\"notify\"]],\"id\":\"a136e496e36400a70dd25b53ceac1e7b\"}})","worker":"webonise-desktop:9103"} []
[2014-11-13 12:00:08] main.INFO: Processing ID:a136e496e36400a70dd25b53ceac1e7b in default {"type":"process","worker":"webonise-desktop:9103","job_id":"a136e496e36400a70dd25b53ceac1e7b"} []
[2014-11-13 12:00:08] main.ERROR: {"queue":"default","id":"a136e496e36400a70dd25b53ceac1e7b","class":"CakeResque.User","args":[["notify"]]} failed: Could not find job class CakeResque.User. {"type":"fail","log":"Could not find job class CakeResque.User.","job_id":"a136e496e36400a70dd25b53ceac1e7b","time":1,"worker":"webonise-desktop:9103"} []
[2014-11-13 12:06:33] main.INFO: got {"queue":"default","id":"4e2c506fc9d1a773fb805c3984505a30","class":"UserShell","args":[["notify"]]} {"type":"got","args":"[object] (Resque_Job: {\"queue\":\"default\",\"worker\":null,\"payload\":{\"class\":\"UserShell\",\"args\":[[\"notify\"]],\"id\":\"4e2c506fc9d1a773fb805c3984505a30\"}})","worker":"webonise-desktop:9103"} []
[2014-11-13 12:06:33] main.INFO: Processing ID:4e2c506fc9d1a773fb805c3984505a30 in default {"type":"process","worker":"webonise-desktop:9103","job_id":"4e2c506fc9d1a773fb805c3984505a30"} []
[2014-11-13 12:06:33] main.INFO: done ID:4e2c506fc9d1a773fb805c3984505a30 {"type":"done","job_id":"4e2c506fc9d1a773fb805c3984505a30","time":46,"worker":"webonise-desktop:9103"} []
[2014-11-13 20:03:56] main.INFO: Exiting... {"type":"shutdown","worker":"webonise-desktop:9103"} []
[2014-11-13 20:03:57] main.INFO: CONT received; resuming job processing {"type":"resume","worker":"webonise-desktop:9103"} []
[2014-11-13 20:03:57] main.INFO: CONT received; resuming job processing {"type":"resume","worker":"webonise-desktop:9103"} []
[2014-11-13 20:03:58] main.INFO: CONT received; resuming job processing {"type":"resume","worker":"webonise-desktop:9103"} []
[2014-11-13 20:03:58] main.INFO: CONT received; resuming job processing {"type":"resume","worker":"webonise-desktop:9103"} []
[2014-11-13 20:03:58] main.INFO: SIGPIPE received; attempting to reconnect {"type":"reconnect","worker":"webonise-desktop:9103"} []
