[2014-11-20 16:20:21] main.INFO: Starting worker webonise-desktop:10753:default {"type":"start","worker":"webonise-desktop:10753:default"} []
[2014-11-20 16:20:52] main.INFO: got {"queue":"default","id":"8a86c85db4541f43f7490c9fe2ccc9f3","class":"UserShell","args":[["notify"]]} {"type":"got","args":"[object] (Resque_Job: {\"queue\":\"default\",\"worker\":null,\"payload\":{\"class\":\"UserShell\",\"args\":[[\"notify\"]],\"id\":\"8a86c85db4541f43f7490c9fe2ccc9f3\"}})","worker":"webonise-desktop:10753"} []
[2014-11-20 16:20:52] main.INFO: Processing ID:8a86c85db4541f43f7490c9fe2ccc9f3 in default {"type":"process","worker":"webonise-desktop:10753","job_id":"8a86c85db4541f43f7490c9fe2ccc9f3"} []
[2014-11-20 16:20:52] main.ERROR: {"queue":"default","id":"8a86c85db4541f43f7490c9fe2ccc9f3","class":"UserShell","args":[["notify"]]} failed:  {"type":"fail","log":"","job_id":"8a86c85db4541f43f7490c9fe2ccc9f3","time":74,"worker":"webonise-desktop:10753"} []
[2014-11-20 16:21:38] main.INFO: Starting worker webonise-desktop:10890:default {"type":"start","worker":"webonise-desktop:10890:default"} []
[2014-11-20 16:26:12] main.INFO: got {"queue":"default","id":"fcc72c102b32fe654783ee5b2191cb26","class":"UserShell","args":[["notify"]]} {"type":"got","args":"[object] (Resque_Job: {\"queue\":\"default\",\"worker\":null,\"payload\":{\"class\":\"UserShell\",\"args\":[[\"notify\"]],\"id\":\"fcc72c102b32fe654783ee5b2191cb26\"}})","worker":"webonise-desktop:10753"} []
[2014-11-20 16:26:12] main.INFO: Processing ID:fcc72c102b32fe654783ee5b2191cb26 in default {"type":"process","worker":"webonise-desktop:10753","job_id":"fcc72c102b32fe654783ee5b2191cb26"} []
[2014-11-20 16:26:12] main.ERROR: {"queue":"default","id":"fcc72c102b32fe654783ee5b2191cb26","class":"UserShell","args":[["notify"]]} failed:  {"type":"fail","log":"","job_id":"fcc72c102b32fe654783ee5b2191cb26","time":37,"worker":"webonise-desktop:10753"} []
[2014-11-20 16:29:22] main.INFO: got {"queue":"default","id":"877d6e3294a17deda050c5880826a330","class":"UserShell","args":[["notify"]]} {"type":"got","args":"[object] (Resque_Job: {\"queue\":\"default\",\"worker\":null,\"payload\":{\"class\":\"UserShell\",\"args\":[[\"notify\"]],\"id\":\"877d6e3294a17deda050c5880826a330\"}})","worker":"webonise-desktop:10753"} []
[2014-11-20 16:29:22] main.INFO: Processing ID:877d6e3294a17deda050c5880826a330 in default {"type":"process","worker":"webonise-desktop:10753","job_id":"877d6e3294a17deda050c5880826a330"} []
[2014-11-20 16:29:22] main.ERROR: {"queue":"default","id":"877d6e3294a17deda050c5880826a330","class":"UserShell","args":[["notify"]]} failed:  {"type":"fail","log":"","job_id":"877d6e3294a17deda050c5880826a330","time":35,"worker":"webonise-desktop:10753"} []
[2014-11-20 17:08:42] main.INFO: got {"queue":"default","id":"0694921b0287bbfdff3c7fd0737b538e","class":"UserShell","args":[["notify"]]} {"type":"got","args":"[object] (Resque_Job: {\"queue\":\"default\",\"worker\":null,\"payload\":{\"class\":\"UserShell\",\"args\":[[\"notify\"]],\"id\":\"0694921b0287bbfdff3c7fd0737b538e\"}})","worker":"webonise-desktop:10753"} []
[2014-11-20 17:08:42] main.INFO: Processing ID:0694921b0287bbfdff3c7fd0737b538e in default {"type":"process","worker":"webonise-desktop:10753","job_id":"0694921b0287bbfdff3c7fd0737b538e"} []
[2014-11-20 17:08:43] main.ERROR: {"queue":"default","id":"0694921b0287bbfdff3c7fd0737b538e","class":"UserShell","args":[["notify"]]} failed:  {"type":"fail","log":"","job_id":"0694921b0287bbfdff3c7fd0737b538e","time":552,"worker":"webonise-desktop:10753"} []
[2014-11-20 18:34:54] main.INFO: got {"queue":"default","id":"7a08e8000071cb5065f4526911cb6136","class":"UserShell","args":[["notify"]]} {"type":"got","args":"[object] (Resque_Job: {\"queue\":\"default\",\"worker\":null,\"payload\":{\"class\":\"UserShell\",\"args\":[[\"notify\"]],\"id\":\"7a08e8000071cb5065f4526911cb6136\"}})","worker":"webonise-desktop:10753"} []
[2014-11-20 18:34:54] main.INFO: Processing ID:7a08e8000071cb5065f4526911cb6136 in default {"type":"process","worker":"webonise-desktop:10753","job_id":"7a08e8000071cb5065f4526911cb6136"} []
[2014-11-20 18:34:54] main.ERROR: {"queue":"default","id":"7a08e8000071cb5065f4526911cb6136","class":"UserShell","args":[["notify"]]} failed:  {"type":"fail","log":"","job_id":"7a08e8000071cb5065f4526911cb6136","time":885,"worker":"webonise-desktop:10753"} []
[2014-11-20 19:58:07] main.INFO: Exiting... {"type":"shutdown","worker":"webonise-desktop:10753"} []
[2014-11-20 19:58:07] main.INFO: Exiting... {"type":"shutdown","worker":"webonise-desktop:10890"} []
[2014-11-20 19:58:07] main.INFO: CONT received; resuming job processing {"type":"resume","worker":"webonise-desktop:10753"} []
[2014-11-20 19:58:07] main.INFO: CONT received; resuming job processing {"type":"resume","worker":"webonise-desktop:10890"} []
[2014-11-20 19:58:07] main.INFO: CONT received; resuming job processing {"type":"resume","worker":"webonise-desktop:10753"} []
[2014-11-20 19:58:07] main.INFO: CONT received; resuming job processing {"type":"resume","worker":"webonise-desktop:10890"} []
[2014-11-20 19:58:08] main.INFO: CONT received; resuming job processing {"type":"resume","worker":"webonise-desktop:10890"} []
[2014-11-20 19:58:08] main.INFO: CONT received; resuming job processing {"type":"resume","worker":"webonise-desktop:10753"} []
[2014-11-20 19:58:08] main.INFO: CONT received; resuming job processing {"type":"resume","worker":"webonise-desktop:10890"} []
[2014-11-20 19:58:08] main.INFO: CONT received; resuming job processing {"type":"resume","worker":"webonise-desktop:10753"} []
[2014-11-20 19:58:08] main.INFO: SIGPIPE received; attempting to reconnect {"type":"reconnect","worker":"webonise-desktop:10890"} []
[2014-11-20 19:58:08] main.INFO: SIGPIPE received; attempting to reconnect {"type":"reconnect","worker":"webonise-desktop:10753"} []
